RP/0/RP0/CPU0:Sep 19 23:49:01.797 : bgp[1015]: %ROUTING-BGP-5-ADJCHANGE : neighbor 172.31.24.5 Down - BGP Notification sent, hold time expired (VRF: default) (AS: 65503) 
RP/0/RP0/CPU0:Sep 19 23:49:01.799 : bgp[1015]: %ROUTING-BGP-5-ADJCHANGE : neighbor 172.31.24.7 Down - BGP Notification sent, hold time expired (VRF: default) (AS: 65503) 
RP/0/RP0/CPU0:Sep 19 23:49:01.805 : bgp[1015]: %ROUTING-BGP-5-ADJCHANGE : neighbor 2001:420:289:2000:1eaf:4:d03:2405 Down - BGP Notification sent, hold time expired (VRF: default) (AS: 65503) 
RP/0/RP0/CPU0:Sep 19 23:49:01.805 : bgp[1015]: %ROUTING-BGP-5-ADJCHANGE : neighbor 2001:420:289:2000:1eaf:4:d03:2407 Down - BGP Notification sent, hold time expired (VRF: default) (AS: 65503) 
RP/0/RP0/CPU0:Sep 19 23:52:13.307 : ifmgr[219]: %PKT_INFRA-LINK-3-UPDOWN : Interface HundredGigE0/0/0/26, changed state to Down 
RP/0/RP0/CPU0:Sep 19 23:52:13.307 : ifmgr[219]: %PKT_INFRA-LINEPROTO-5-UPDOWN : Line protocol on Interface HundredGigE0/0/0/26, changed state to Down 
RP/0/RP0/CPU0:Sep 19 23:52:13.311 : ifmgr[219]: %PKT_INFRA-LINK-3-UPDOWN : Interface HundredGigE0/0/0/27, changed state to Down 
RP/0/RP0/CPU0:Sep 19 23:52:13.311 : ifmgr[219]: %PKT_INFRA-LINEPROTO-5-UPDOWN : Line protocol on Interface HundredGigE0/0/0/27, changed state to Down 
RP/0/RP0/CPU0:Sep 19 23:52:33.467 : optics_driver[326]: %PKT_INFRA-FM-2-FAULT_CRITICAL : ALARM_CRITICAL :OPTICS RX LOS LANE-0 :DECLARE : Optics0/0/0/26:  Optics0/0/0/26 
RP/0/RP0/CPU0:Sep 19 23:52:33.467 : optics_driver[326]: %PKT_INFRA-FM-2-FAULT_CRITICAL : ALARM_CRITICAL :OPTICS RX LOS LANE-1 :DECLARE : Optics0/0/0/26:  Optics0/0/0/26 
RP/0/RP0/CPU0:Sep 19 23:52:33.467 : optics_driver[326]: %PKT_INFRA-FM-2-FAULT_CRITICAL : ALARM_CRITICAL :OPTICS RX LOS LANE-2 :DECLARE : Optics0/0/0/26:  Optics0/0/0/26 
RP/0/RP0/CPU0:Sep 19 23:52:33.467 : optics_driver[326]: %PKT_INFRA-FM-2-FAULT_CRITICAL : ALARM_CRITICAL :OPTICS RX LOS LANE-3 :DECLARE : Optics0/0/0/26:  Optics0/0/0/26 
RP/0/RP0/CPU0:Sep 19 23:52:33.467 : optics_driver[326]: %PKT_INFRA-FM-2-FAULT_CRITICAL : ALARM_CRITICAL :OPTICS RX LOL LANE-0 :DECLARE : Optics0/0/0/26:  Optics0/0/0/26 
RP/0/RP0/CPU0:Sep 19 23:52:33.467 : optics_driver[326]: %PKT_INFRA-FM-2-FAULT_CRITICAL : ALARM_CRITICAL :OPTICS RX LOL LANE-1 :DECLARE : Optics0/0/0/26:  Optics0/0/0/26 
RP/0/RP0/CPU0:Sep 19 23:52:33.467 : optics_driver[326]: %PKT_INFRA-FM-2-FAULT_CRITICAL : ALARM_CRITICAL :OPTICS RX LOL LANE-2 :DECLARE : Optics0/0/0/26:  Optics0/0/0/26 
RP/0/RP0/CPU0:Sep 19 23:52:33.467 : optics_driver[326]: %PKT_INFRA-FM-2-FAULT_CRITICAL : ALARM_CRITICAL :OPTICS RX LOL LANE-3 :DECLARE : Optics0/0/0/26:  Optics0/0/0/26 
RP/0/RP0/CPU0:Sep 19 23:52:34.437 : optics_driver[326]: %PKT_INFRA-FM-2-FAULT_CRITICAL : ALARM_CRITICAL :OPTICS RX LOS LANE-0 :DECLARE : Optics0/0/0/27:  Optics0/0/0/27 
RP/0/RP0/CPU0:Sep 19 23:52:34.437 : optics_driver[326]: %PKT_INFRA-FM-2-FAULT_CRITICAL : ALARM_CRITICAL :OPTICS RX LOS LANE-1 :DECLARE : Optics0/0/0/27:  Optics0/0/0/27 
RP/0/RP0/CPU0:Sep 19 23:52:34.437 : optics_driver[326]: %PKT_INFRA-FM-2-FAULT_CRITICAL : ALARM_CRITICAL :OPTICS RX LOS LANE-2 :DECLARE : Optics0/0/0/27:  Optics0/0/0/27 
RP/0/RP0/CPU0:Sep 19 23:52:34.437 : optics_driver[326]: %PKT_INFRA-FM-2-FAULT_CRITICAL : ALARM_CRITICAL :OPTICS RX LOS LANE-3 :DECLARE : Optics0/0/0/27:  Optics0/0/0/27 
RP/0/RP0/CPU0:Sep 19 23:52:34.437 : optics_driver[326]: %PKT_INFRA-FM-2-FAULT_CRITICAL : ALARM_CRITICAL :OPTICS RX LOL LANE-0 :DECLARE : Optics0/0/0/27:  Optics0/0/0/27 
RP/0/RP0/CPU0:Sep 19 23:52:34.438 : optics_driver[326]: %PKT_INFRA-FM-2-FAULT_CRITICAL : ALARM_CRITICAL :OPTICS RX LOL LANE-1 :DECLARE : Optics0/0/0/27:  Optics0/0/0/27 
RP/0/RP0/CPU0:Sep 19 23:52:34.438 : optics_driver[326]: %PKT_INFRA-FM-2-FAULT_CRITICAL : ALARM_CRITICAL :OPTICS RX LOL LANE-2 :DECLARE : Optics0/0/0/27:  Optics0/0/0/27 
RP/0/RP0/CPU0:Sep 19 23:52:34.438 : optics_driver[326]: %PKT_INFRA-FM-2-FAULT_CRITICAL : ALARM_CRITICAL :OPTICS RX LOL LANE-3 :DECLARE : Optics0/0/0/27:  Optics0/0/0/27 
RP/0/RP0/CPU0:Sep 19 23:53:36.489 : resmon[236]: %HA-HA_WD-4-MEMORY_ALARM : Memory threshold crossed: Minor with 789.525MB free. Previous state: Normal 
RP/0/RP0/CPU0:Sep 19 23:53:36.491 : resmon[236]: %HA-HA_WD-6-TOP_MEMORY_USERS_INFO : Top 5 consumers of system memory (837554 Kbytes free):  
RP/0/RP0/CPU0:Sep 19 23:53:36.491 : resmon[236]: %HA-HA_WD-6-TOP_MEMORY_USER_INFO : 0: Process Name: ./pipeline[0], pid: 24546, Heap usage: 3416104 kbytes. 
RP/0/RP0/CPU0:Sep 19 23:53:36.491 : resmon[236]: %HA-HA_WD-6-TOP_MEMORY_USER_INFO : 1: Process Name: emsd[0], pid: 9665, Heap usage: 1120620 kbytes. 
RP/0/RP0/CPU0:Sep 19 23:53:36.491 : resmon[236]: %HA-HA_WD-6-TOP_MEMORY_USER_INFO : 2: Process Name: prm_server[0], pid: 3617, Heap usage: 290992 kbytes. 
RP/0/RP0/CPU0:Sep 19 23:53:36.491 : resmon[236]: %HA-HA_WD-6-TOP_MEMORY_USER_INFO : 3: Process Name: fib_mgr[0], pid: 4278, Heap usage: 165364 kbytes. 
RP/0/RP0/CPU0:Sep 19 23:53:36.491 : resmon[236]: %HA-HA_WD-6-TOP_MEMORY_USER_INFO : 4: Process Name: spp[0], pid: 3159, Heap usage: 103500 kbytes. 
RP/0/RP0/CPU0:Sep 19 23:53:47.836 : /pkg/sbin/sysmgr_log[69431]: %OS-SYSMGR-7-CHECK_LOG : /pkg/bin/resmon_debug_mem_script invoked by (Resmon). No LTRACE dump for ./pipeline 
RP/0/RP0/CPU0:Sep 19 23:53:47.906 : /pkg/sbin/sysmgr_log[69438]: %OS-SYSMGR-7-CHECK_LOG : /pkg/bin/resmon_debug_mem_script invoked by pid 3268 (Resmon). Output is in /misc/scratch//resmon_debug/debug_mem.node0_RP0_CPU0.24546.log 
RP/0/RP0/CPU0:Sep 19 23:53:53.529 : resmon[236]: %HA-HA_WD-6-MEMORY_RECOVERY_RESTART : Process ./pipeline[0] (pid 24546) using 3619988 kbytes of heap memory will be killed. It will be restarted if it is managed by sysmgr. 
RP/0/RP0/CPU0:Sep 19 23:54:56.157 : resmon[236]: %HA-HA_WD-4-MEMORY_ALARM : Memory threshold crossed: Normal with 4149.686MB free. Previous state: Minor 
RP/0/RP0/CPU0:Sep 19 23:55:21.506 : ifmgr[219]: %PKT_INFRA-LINK-3-UPDOWN : Interface HundredGigE0/0/0/26, changed state to Up 
RP/0/RP0/CPU0:Sep 19 23:55:21.507 : ifmgr[219]: %PKT_INFRA-LINEPROTO-5-UPDOWN : Line protocol on Interface HundredGigE0/0/0/26, changed state to Up 
RP/0/RP0/CPU0:Sep 19 23:55:21.565 : optics_driver[326]: %PKT_INFRA-FM-2-FAULT_CRITICAL : ALARM_CRITICAL :OPTICS RX LOS LANE-0 :CLEAR : Optics0/0/0/26:  Optics0/0/0/26 
RP/0/RP0/CPU0:Sep 19 23:55:21.565 : optics_driver[326]: %PKT_INFRA-FM-2-FAULT_CRITICAL : ALARM_CRITICAL :OPTICS RX LOS LANE-1 :CLEAR : Optics0/0/0/26:  Optics0/0/0/26 
RP/0/RP0/CPU0:Sep 19 23:55:21.565 : optics_driver[326]: %PKT_INFRA-FM-2-FAULT_CRITICAL : ALARM_CRITICAL :OPTICS RX LOS LANE-2 :CLEAR : Optics0/0/0/26:  Optics0/0/0/26 
RP/0/RP0/CPU0:Sep 19 23:55:21.565 : optics_driver[326]: %PKT_INFRA-FM-2-FAULT_CRITICAL : ALARM_CRITICAL :OPTICS RX LOS LANE-3 :CLEAR : Optics0/0/0/26:  Optics0/0/0/26 
RP/0/RP0/CPU0:Sep 19 23:55:21.566 : optics_driver[326]: %PKT_INFRA-FM-2-FAULT_CRITICAL : ALARM_CRITICAL :OPTICS RX LOL LANE-0 :CLEAR : Optics0/0/0/26:  Optics0/0/0/26 
RP/0/RP0/CPU0:Sep 19 23:55:21.566 : optics_driver[326]: %PKT_INFRA-FM-2-FAULT_CRITICAL : ALARM_CRITICAL :OPTICS RX LOL LANE-1 :CLEAR : Optics0/0/0/26:  Optics0/0/0/26 
RP/0/RP0/CPU0:Sep 19 23:55:21.566 : optics_driver[326]: %PKT_INFRA-FM-2-FAULT_CRITICAL : ALARM_CRITICAL :OPTICS RX LOL LANE-2 :CLEAR : Optics0/0/0/26:  Optics0/0/0/26 
RP/0/RP0/CPU0:Sep 19 23:55:21.566 : optics_driver[326]: %PKT_INFRA-FM-2-FAULT_CRITICAL : ALARM_CRITICAL :OPTICS RX LOL LANE-3 :CLEAR : Optics0/0/0/26:  Optics0/0/0/26 
RP/0/RP0/CPU0:Sep 19 23:55:32.152 : ifmgr[219]: %PKT_INFRA-LINK-3-UPDOWN : Interface HundredGigE0/0/0/27, changed state to Up 
RP/0/RP0/CPU0:Sep 19 23:55:32.154 : ifmgr[219]: %PKT_INFRA-LINEPROTO-5-UPDOWN : Line protocol on Interface HundredGigE0/0/0/27, changed state to Up 
RP/0/RP0/CPU0:Sep 19 23:55:37.957 : bgp[1015]: %ROUTING-BGP-5-ADJCHANGE : neighbor 172.31.24.7 Up (VRF: default) (AS: 65503) 
RP/0/RP0/CPU0:Sep 19 23:55:45.213 : bgp[1015]: %ROUTING-BGP-5-ADJCHANGE : neighbor 2001:420:289:2000:1eaf:4:d03:2407 Up (VRF: default) (AS: 65503) 
RP/0/RP0/CPU0:Sep 19 23:55:50.507 : optics_driver[326]: %PKT_INFRA-FM-2-FAULT_CRITICAL : ALARM_CRITICAL :OPTICS RX LOS LANE-0 :CLEAR : Optics0/0/0/27:  Optics0/0/0/27 
RP/0/RP0/CPU0:Sep 19 23:55:50.507 : optics_driver[326]: %PKT_INFRA-FM-2-FAULT_CRITICAL : ALARM_CRITICAL :OPTICS RX LOS LANE-1 :CLEAR : Optics0/0/0/27:  Optics0/0/0/27 
RP/0/RP0/CPU0:Sep 19 23:55:50.507 : optics_driver[326]: %PKT_INFRA-FM-2-FAULT_CRITICAL : ALARM_CRITICAL :OPTICS RX LOS LANE-2 :CLEAR : Optics0/0/0/27:  Optics0/0/0/27 
RP/0/RP0/CPU0:Sep 19 23:55:50.507 : optics_driver[326]: %PKT_INFRA-FM-2-FAULT_CRITICAL : ALARM_CRITICAL :OPTICS RX LOS LANE-3 :CLEAR : Optics0/0/0/27:  Optics0/0/0/27 
RP/0/RP0/CPU0:Sep 19 23:55:50.507 : optics_driver[326]: %PKT_INFRA-FM-2-FAULT_CRITICAL : ALARM_CRITICAL :OPTICS RX LOL LANE-0 :CLEAR : Optics0/0/0/27:  Optics0/0/0/27 
RP/0/RP0/CPU0:Sep 19 23:55:50.507 : optics_driver[326]: %PKT_INFRA-FM-2-FAULT_CRITICAL : ALARM_CRITICAL :OPTICS RX LOL LANE-1 :CLEAR : Optics0/0/0/27:  Optics0/0/0/27 
RP/0/RP0/CPU0:Sep 19 23:55:50.507 : optics_driver[326]: %PKT_INFRA-FM-2-FAULT_CRITICAL : ALARM_CRITICAL :OPTICS RX LOL LANE-2 :CLEAR : Optics0/0/0/27:  Optics0/0/0/27 
RP/0/RP0/CPU0:Sep 19 23:55:50.507 : optics_driver[326]: %PKT_INFRA-FM-2-FAULT_CRITICAL : ALARM_CRITICAL :OPTICS RX LOL LANE-3 :CLEAR : Optics0/0/0/27:  Optics0/0/0/27 
RP/0/RP0/CPU0:Sep 19 23:55:53.861 : bgp[1015]: %ROUTING-BGP-5-ADJCHANGE : neighbor 172.31.24.5 Up (VRF: default) (AS: 65503) 
RP/0/RP0/CPU0:Sep 19 23:55:53.948 : bgp[1015]: %ROUTING-BGP-5-ADJCHANGE : neighbor 2001:420:289:2000:1eaf:4:d03:2405 Up (VRF: default) (AS: 65503) 
RP/0/RP0/CPU0:Sep 19 23:56:50.671 : SSHD_[69602]: %SECURITY-SSHD-6-INFO_SUCCESS : Successfully authenticated user 'admin' from '10.200.96.148' on 'vty0'(cipher 'aes128-ctr', mac 'hmac-sha2-256') 
RP/0/RP0/CPU0:Sep 19 23:56:51.610 : SSHD_[69602]: %SECURITY-SSHD-6-INFO_USER_LOGOUT : User 'admin' from '10.200.96.148' logged out on 'vty0' 
RP/0/RP0/CPU0:Sep 19 23:57:27.437 : SSHD_[65650]: %SECURITY-SSHD-6-INFO_SUCCESS : Successfully authenticated user 'admin' from '10.200.96.148' on 'vty0'(cipher 'aes128-ctr', mac 'hmac-sha2-256') 
RP/0/RP0/CPU0:Sep 19 23:57:29.932 : SSHD_[65650]: %SECURITY-SSHD-6-INFO_USER_LOGOUT : User 'admin' from '10.200.96.148' logged out on 'vty0' 
