[
    {
        "start_time": 1519069509191,
        "event_key": "clear_bgp",
        "end_time": 1519069517074,
        "host_key": "spine3"
    },
    {
        "start_time": 1519070117102,
        "event_key": "clear_bgp",
        "end_time": 1519070124453,
        "host_key": "leaf2"
    },
    {
        "start_time": 1519070724554,
        "event_key": "clear_bgp",
        "end_time": 1519070731708,
        "host_key": "leaf8"
    },
    {
        "start_time": 1519071331805,
        "event_key": "clear_bgp",
        "end_time": 1519071339185,
        "host_key": "leaf6"
    },
    {
        "start_time": 1519071939285,
        "event_key": "clear_bgp",
        "end_time": 1519071946426,
        "host_key": "leaf5"
    },
    {
        "start_time": 1519072546433,
        "event_key": "clear_bgp",
        "end_time": 1519072553933,
        "host_key": "spine4"
    },
    {
        "start_time": 1519073153987,
        "event_key": "clear_bgp",
        "end_time": 1519073161221,
        "host_key": "leaf4"
    },
    {
        "start_time": 1519073761322,
        "event_key": "clear_bgp",
        "end_time": 1519073768600,
        "host_key": "leaf7"
    },
    {
        "start_time": 1519074368697,
        "event_key": "clear_bgp",
        "end_time": 1519074375854,
        "host_key": "leaf1"
    },
    {
        "start_time": 1519074975902,
        "event_key": "clear_bgp",
        "end_time": 1519074983360,
        "host_key": "spine2"
    },
    {
        "start_time": 1519075583461,
        "event_key": "clear_bgp",
        "end_time": 1519075591002,
        "host_key": "spine1"
    },
    {
        "start_time": 1519076191093,
        "event_key": "clear_bgp",
        "end_time": 1519076198840,
        "host_key": "leaf3"
    }
]